<?xml version="1.0" encoding="UTF-8"?>
<testng-results ignored="0" total="1" passed="1" failed="0" skipped="0">
  <reporter-output>
  </reporter-output>
  <suite started-at="2023-08-29T11:11:57 IST" name="Default suite" finished-at="2023-08-29T11:11:59 IST" duration-ms="2257">
    <groups>
    </groups>
    <test started-at="2023-08-29T11:11:57 IST" name="Default test" finished-at="2023-08-29T11:11:59 IST" duration-ms="2257">
      <class name="RahulShetty.SumValidation">
        <test-method signature="sumofCourseprice()[pri:0, instance:RahulShetty.SumValidation@2f217633]" started-at="2023-08-29T11:11:57 IST" name="sumofCourseprice" finished-at="2023-08-29T11:11:59 IST" duration-ms="2171" status="PASS">
          <reporter-output>
          </reporter-output>
        </test-method> <!-- sumofCourseprice -->
      </class> <!-- RahulShetty.SumValidation -->
    </test> <!-- Default test -->
  </suite> <!-- Default suite -->
</testng-results>
